* installing *source* package ‘epicR’ ...
** this is package ‘epicR’ version ‘0.9.0’
** using staged installation
Configuring epicR...
Configuration complete
** libs
using C++ compiler: ‘g++ (Ubuntu 13.3.0-6ubuntu2~24.04) 13.3.0’
make: Nothing to be done for 'all'.
installing to /home/amin/epicR/..Rcheck/00LOCK-epicR/00new/epicR/libs
** R
** inst
** byte-compile and prepare package for lazy loading
** help
*** installing help indices
** building package indices
** installing vignettes
** testing if installed package can be loaded from temporary location
** checking absolute paths in shared objects and dynamic libraries
** testing if installed package can be loaded from final location
** testing if installed package keeps a record of temporary installation path
* DONE (epicR)
