* installing *source* package ‘epicR’ ...
** this is package ‘epicR’ version ‘0.9.0’
** using staged installation
** libs
using C compiler: ‘gcc (Ubuntu 13.3.0-6ubuntu2~24.04) 13.3.0’
using C++ compiler: ‘g++ (Ubuntu 13.3.0-6ubuntu2~24.04) 13.3.0’
g++ -std=gnu++17 -I"/usr/share/R/include" -DNDEBUG  -I'/usr/lib/R/site-library/Rcpp/include' -I'/usr/lib/R/site-library/RcppArmadillo/include'    -fopenmp -fpic  -g -O2 -fno-omit-frame-pointer -mno-omit-leaf-frame-pointer -ffile-prefix-map=/build/r-base-wwoKA3/r-base-4.5.1=. -fstack-protector-strong -fstack-clash-protection -Wformat -Werror=format-security -fcf-protection -fdebug-prefix-map=/build/r-base-wwoKA3/r-base-4.5.1=/usr/src/r-base-4.5.1-1.2404.0 -Wdate-time -D_FORTIFY_SOURCE=3   -c RcppExports.cpp -o RcppExports.o
gcc -std=gnu2x -I"/usr/share/R/include" -DNDEBUG  -I'/usr/lib/R/site-library/Rcpp/include' -I'/usr/lib/R/site-library/RcppArmadillo/include'     -fpic  -g -O2 -fno-omit-frame-pointer -mno-omit-leaf-frame-pointer -ffile-prefix-map=/build/r-base-wwoKA3/r-base-4.5.1=. -fstack-protector-strong -fstack-clash-protection -Wformat -Werror=format-security -fcf-protection -fdebug-prefix-map=/build/r-base-wwoKA3/r-base-4.5.1=/usr/src/r-base-4.5.1-1.2404.0 -Wdate-time -D_FORTIFY_SOURCE=3  -c epicR_init.c -o epicR_init.o
g++ -std=gnu++17 -I"/usr/share/R/include" -DNDEBUG  -I'/usr/lib/R/site-library/Rcpp/include' -I'/usr/lib/R/site-library/RcppArmadillo/include'    -fopenmp -fpic  -g -O2 -fno-omit-frame-pointer -mno-omit-leaf-frame-pointer -ffile-prefix-map=/build/r-base-wwoKA3/r-base-4.5.1=. -fstack-protector-strong -fstack-clash-protection -Wformat -Werror=format-security -fcf-protection -fdebug-prefix-map=/build/r-base-wwoKA3/r-base-4.5.1=/usr/src/r-base-4.5.1-1.2404.0 -Wdate-time -D_FORTIFY_SOURCE=3   -c model.cpp -o model.o
g++ -std=gnu++17 -I"/usr/share/R/include" -DNDEBUG  -I'/usr/lib/R/site-library/Rcpp/include' -I'/usr/lib/R/site-library/RcppArmadillo/include'    -fopenmp -fpic  -g -O2 -fno-omit-frame-pointer -mno-omit-leaf-frame-pointer -ffile-prefix-map=/build/r-base-wwoKA3/r-base-4.5.1=. -fstack-protector-strong -fstack-clash-protection -Wformat -Werror=format-security -fcf-protection -fdebug-prefix-map=/build/r-base-wwoKA3/r-base-4.5.1=/usr/src/r-base-4.5.1-1.2404.0 -Wdate-time -D_FORTIFY_SOURCE=3   -c model_events.cpp -o model_events.o
g++ -std=gnu++17 -I"/usr/share/R/include" -DNDEBUG  -I'/usr/lib/R/site-library/Rcpp/include' -I'/usr/lib/R/site-library/RcppArmadillo/include'    -fopenmp -fpic  -g -O2 -fno-omit-frame-pointer -mno-omit-leaf-frame-pointer -ffile-prefix-map=/build/r-base-wwoKA3/r-base-4.5.1=. -fstack-protector-strong -fstack-clash-protection -Wformat -Werror=format-security -fcf-protection -fdebug-prefix-map=/build/r-base-wwoKA3/r-base-4.5.1=/usr/src/r-base-4.5.1-1.2404.0 -Wdate-time -D_FORTIFY_SOURCE=3   -c model_globals.cpp -o model_globals.o
g++ -std=gnu++17 -I"/usr/share/R/include" -DNDEBUG  -I'/usr/lib/R/site-library/Rcpp/include' -I'/usr/lib/R/site-library/RcppArmadillo/include'    -fopenmp -fpic  -g -O2 -fno-omit-frame-pointer -mno-omit-leaf-frame-pointer -ffile-prefix-map=/build/r-base-wwoKA3/r-base-4.5.1=. -fstack-protector-strong -fstack-clash-protection -Wformat -Werror=format-security -fcf-protection -fdebug-prefix-map=/build/r-base-wwoKA3/r-base-4.5.1=/usr/src/r-base-4.5.1-1.2404.0 -Wdate-time -D_FORTIFY_SOURCE=3   -c model_input.cpp -o model_input.o
g++ -std=gnu++17 -I"/usr/share/R/include" -DNDEBUG  -I'/usr/lib/R/site-library/Rcpp/include' -I'/usr/lib/R/site-library/RcppArmadillo/include'    -fopenmp -fpic  -g -O2 -fno-omit-frame-pointer -mno-omit-leaf-frame-pointer -ffile-prefix-map=/build/r-base-wwoKA3/r-base-4.5.1=. -fstack-protector-strong -fstack-clash-protection -Wformat -Werror=format-security -fcf-protection -fdebug-prefix-map=/build/r-base-wwoKA3/r-base-4.5.1=/usr/src/r-base-4.5.1-1.2404.0 -Wdate-time -D_FORTIFY_SOURCE=3   -c model_output.cpp -o model_output.o
g++ -std=gnu++17 -I"/usr/share/R/include" -DNDEBUG  -I'/usr/lib/R/site-library/Rcpp/include' -I'/usr/lib/R/site-library/RcppArmadillo/include'    -fopenmp -fpic  -g -O2 -fno-omit-frame-pointer -mno-omit-leaf-frame-pointer -ffile-prefix-map=/build/r-base-wwoKA3/r-base-4.5.1=. -fstack-protector-strong -fstack-clash-protection -Wformat -Werror=format-security -fcf-protection -fdebug-prefix-map=/build/r-base-wwoKA3/r-base-4.5.1=/usr/src/r-base-4.5.1-1.2404.0 -Wdate-time -D_FORTIFY_SOURCE=3   -c model_random.cpp -o model_random.o
g++ -std=gnu++17 -shared -L/usr/lib/R/lib -Wl,-Bsymbolic-functions -flto=auto -ffat-lto-objects -Wl,-z,relro -o epicR.so RcppExports.o epicR_init.o model.o model_events.o model_globals.o model_input.o model_output.o model_random.o -fopenmp -llapack -lblas -lgfortran -lm -lquadmath -L/usr/lib/R/lib -lR
installing to /home/amin/epicR/epicR.Rcheck/00LOCK-epicR/00new/epicR/libs
** R
** inst
** byte-compile and prepare package for lazy loading
** help
*** installing help indices
** building package indices
** installing vignettes
** testing if installed package can be loaded from temporary location
** checking absolute paths in shared objects and dynamic libraries
** testing if installed package can be loaded from final location
** testing if installed package keeps a record of temporary installation path
* DONE (epicR)
